Build started 03/03/2015 21:37:31.
     1>Project "D:\DevEnv\GamesDev\GetOffMyLawn\GetOffMyLawn\GetOffMyLawn\GetOffMyLawn.vcxproj" on node 2 (Build target(s)).
     1>ClCompile:
         C:\Program Files (x86)\Microsoft Visual Studio 12.0\VC\bin\CL.exe /c /I"D:\DevEnv\GamesDev\GetOffMyLawn\GetOffMyLawn\GetOffMyLawn\/Dependencies/SDL2-2.0.3/include" /I"C:\Program Files (x86)\Visual Leak Detector\include" /ZI /nologo /W3 /WX- /sdl /Od /Oy- /D WIN32 /D _DEBUG /D _WINDOWS /D _UNICODE /D UNICODE /Gm /EHsc /RTC1 /MDd /GS /fp:precise /Zc:wchar_t /Zc:forScope /Fo"Debug\\" /Fd"Debug\vc120.pdb" /Gd /TP /analyze- /errorReport:prompt Game.cpp
         Game.cpp
     1>d:\devenv\gamesdev\getoffmylawn\getoffmylawn\getoffmylawn\game.cpp(120): warning C4018: '<' : signed/unsigned mismatch
     1>d:\devenv\gamesdev\getoffmylawn\getoffmylawn\getoffmylawn\game.cpp(126): warning C4018: '<' : signed/unsigned mismatch
       Link:
         C:\Program Files (x86)\Microsoft Visual Studio 12.0\VC\bin\link.exe /ERRORREPORT:PROMPT /OUT:"D:\DevEnv\GamesDev\GetOffMyLawn\GetOffMyLawn\Debug\GetOffMyLawn.exe" /INCREMENTAL /NOLOGO /LIBPATH:"C:\Program Files (x86)\Visual Leak Detector\lib\Win32" SDL2.lib SDL2main.lib OpenGL32.lib SDL2_ttf.lib sdl2_image.lib kernel32.lib user32.lib gdi32.lib winspool.lib comdlg32.lib advapi32.lib shell32.lib ole32.lib oleaut32.lib uuid.lib odbc32.lib odbccp32.lib /MANIFEST /MANIFESTUAC:"level='asInvoker' uiAccess='false'" /manifest:embed /DEBUG /PDB:"D:\DevEnv\GamesDev\GetOffMyLawn\GetOffMyLawn\Debug\GetOffMyLawn.pdb" /SUBSYSTEM:WINDOWS /TLBID:1 /DYNAMICBASE /NXCOMPAT /IMPLIB:"D:\DevEnv\GamesDev\GetOffMyLawn\GetOffMyLawn\Debug\GetOffMyLawn.lib" /MACHINE:X86 Debug\ConfigurationManager.obj
         Debug\Dog.obj
         Debug\EnemyGenerator.obj
         Debug\Entity.obj
         Debug\Game.obj
         Debug\GenericEnemy.obj
         Debug\InputManager.obj
         Debug\Main.obj
         Debug\Neighbour.obj
         Debug\Player.obj
         Debug\Salesman.obj
         Debug\WaterBlast.obj
         Debug\Window.obj
         GetOffMyLawn.vcxproj -> D:\DevEnv\GamesDev\GetOffMyLawn\GetOffMyLawn\Debug\GetOffMyLawn.exe
     1>Done Building Project "D:\DevEnv\GamesDev\GetOffMyLawn\GetOffMyLawn\GetOffMyLawn\GetOffMyLawn.vcxproj" (Build target(s)).

Build succeeded.

Time Elapsed 00:00:00.88
